{
  "RSpec": {
    "coverage": {
      "/Users/chrisdavidmerlino/Projects/tech-tests/Bank-Challenge/spec/bank_account_spec.rb": [
        1,
        null,
        1,
        8,
        8,
        null,
        1,
        7,
        8,
        null,
        null,
        1,
        1,
        null,
        null,
        null,
        null,
        null,
        null,
        1,
        1,
        1,
        1,
        null,
        null,
        1,
        1,
        1,
        1,
        null,
        null,
        null,
        1,
        1,
        2,
        null,
        null,
        1,
        1,
        1,
        1,
        null,
        null,
        1,
        1,
        2,
        null,
        null,
        null,
        1,
        1,
        1,
        1,
        1,
        null,
        null,
        null,
        null
      ],
      "/Users/chrisdavidmerlino/Projects/tech-tests/Bank-Challenge/lib/bank_account.rb": [
        1,
        null,
        1,
        1,
        null,
        1,
        7,
        7,
        7,
        null,
        null,
        1,
        6,
        6,
        6,
        null,
        null,
        1,
        4,
        null,
        3,
        null,
        2,
        2,
        2,
        null,
        null,
        1,
        1,
        null,
        null,
        1,
        null,
        1,
        8,
        null,
        null,
        null
      ],
      "/Users/chrisdavidmerlino/Projects/tech-tests/Bank-Challenge/lib/bank_statement.rb": [
        1,
        null,
        1,
        null,
        1,
        3,
        null,
        null,
        1,
        2,
        2,
        null,
        null,
        1,
        1,
        1,
        0,
        null,
        null,
        null
      ],
      "/Users/chrisdavidmerlino/Projects/tech-tests/Bank-Challenge/spec/bank_statement_spec.rb": [
        1,
        null,
        1,
        null,
        4,
        null,
        1,
        3,
        null,
        null,
        1,
        1,
        1,
        1,
        null,
        null,
        1,
        1,
        1,
        1,
        1,
        null,
        null,
        null,
        1,
        1,
        1,
        null,
        null,
        null,
        null
      ]
    },
    "timestamp": 1582640553
  }
}
